<?xml version="1.0" encoding="UTF-8"?>
<!-- Generated by org.testng.reporters.JUnitReportReporter -->
<testsuite hostname="LAPTOP-BP4NP67Q" failures="0" tests="1" name="gmaillogin.Login" time="10.493" errors="0" timestamp="2023-05-27T13:56:37 IST" skipped="0">
  <testcase classname="gmaillogin.Login" name="main1" time="10.493"/>
  <system-out/>
</testsuite> <!-- gmaillogin.Login -->
