<?xml version="1.0" encoding="UTF-8"?>
<!-- Generated by org.testng.reporters.JUnitReportReporter -->
<testsuite hostname="LAPTOP-BP4NP67Q" failures="0" tests="1" name="gmaillogin.Login" time="9.783" errors="0" timestamp="2023-05-27T13:59:57 IST" skipped="0">
  <testcase classname="gmaillogin.Login" name="main1" time="9.783"/>
  <system-out/>
</testsuite> <!-- gmaillogin.Login -->
